<?xml version="1.0" encoding="UTF-8"?>
<!-- Generated by org.testng.reporters.JUnitReportReporter -->
<testsuite hostname="LAPTOP-GSL22EL3" failures="0" tests="1" name="loginPage.myTestCases" time="0.693" errors="0" timestamp="2025-07-02T04:57:06 EET" skipped="0">
  <testcase classname="loginPage.myTestCases" name="Signup" time="0.693"/>
</testsuite> <!-- loginPage.myTestCases -->
